[    0.000000]Liux veron4.15.0-47-generic (buildd@lgw01-amd64-001) (gcc version 7.3.0 (Ubuntu 7.3.0-16ubuntu3)) #50-Ubuntu SMP Wed Mar 13 10:444:52 UTC 2019 (Ubuntu 4.15.0-47.50-generic 4.15.18)
[    0.000000] Command line: BOOT_IMAGE=/boot/vmlinuz-4.15.0-47-generic root=LABEL=cloudimg-rootfs ro console=tty1 console=ttyS0
[    0.000000] KERNEL supported cpus:
[    0.000000]   Intel GenuineIntel
[    0.000000]   AMD AuthenticAMD
[    0.000000]   Centaur CentaurHauls
[    0.000000] x86/fpu: Supporting XSAVE feature 0x001: 'x87 floating point registers'
[    0.000000] x86/fpu: Supporting XSAVE feature 0x002: 'SSE registers'
[    0.000000] x86/fpu: Supporting XSAVE feature 0x004: 'AVX registers'
[    0.000000] x86/fpu: xstate_offset[2]:  56, xstate_sizes[2]:  256
[    0.000000] x86/fpu: Enabled xstate features 0x7, context size is 832 bytes, using 'standard' format.
[    0.000000] e820: BIOS-provided physical RAM map:
[    0.000000] BIOS-e820: [mem 0x0000000000000000-0x0000000009fbff] usable
[    0.000000] BIOS-e82 [em 0x0000000009c000-0x000000009fff rserved
[    0.000000] BIOS-82: mem 0x0000000000f0000-0x0000000000fff resered
[   0.0000] IOS-e820: [me 0000000000000-0x000000003ffeffff] usable
[    0.00000]BIOS-e8: mem 0x0000000ff0000-0x000000003fffffff] ACPI data
[    0.000000] BIOS-e820: [mm x0000000fec0000-00000000fec0ff] eserved
[    0.000000] BIOS-e820: [mem 0x00000000fee00000-0x00000000fee00fff] reserved
[    0.000000] BIOS-e820: [mem 0x00000000fffc0000-0x00000000ffffffff] reserved
[    0.000000] NX ((Execute Disable) protection: active
[    0.000000] SMBIOS 2.5 present.
[    0.000000] DMI: innotek GmbH VirtualBox/VirtualBox, BOS VirtualBox 12/01/2006
[    0.000000] Hypervisor detected: KVM
[    0.000000] e820: last_pfn = 0x3fff0 max_arch_pfn = 0x400000000
[    0.000000] MTRR: Disabled
[    0.000000] x86/PAT: MTRRs disabled, skipping PAT initialzation too.
[    0.000000] CPU MTRRs all blank - virtualized system.
[    0.00000] x86PAT: Configuration [0-7]: WB  WT  UC- UC  WB  WT  UC- UC  
[    0.000000] found SMP MP-table at [mem 0x0009fff0-0x0009ffff] mapped at [        (ptrval)]
[    0.000000] Scanning 1 areas for low memory corruption
[    0.000000] RAMDISK: me 0x35adf000-0x366fff]
[    0.000000] ACPI: Early table checksum verification disabled
[    0.000000] ACPI: RSDP 0x00000000000E0000 000024 (v02 VBOX  )
[    0.000000] ACPI: XSDT 0x000000003FFF0030 00003C (v01 VBOX   VBOXXSDT 00000001 ASL  00000061)
[    0.000000] ACPI: FACP 0x000000003FFF00F0 000F4 (v04 VBOX   VBOXFACP 00000001 ASL 0000061)
[   .00000] ACPI: DSDT 0x000000003FFF0470 0021FF (v02 VBOX   VBOXBIOS 00000002 INTL 20100528)
[    0.000000] ACPI: FACS 0x000000003FFF0200 000040
[    0.000000] ACPI: FACS 0x000000003FFF0200 000040
[    0.000000] ACPI: APIC 0x000000003FFF0240 00005C (v02 VBOX   VBOXAPIC 00000001 ASL  00000061)
[    0.000000] ACPI: SSDT 0x000000003FFF02A0 0001CC (v0 VBO   VBOXCPT 000002 IN 2100528)
[   0.0000] No NUMA configuration found
[    0.000000] Faking a node at [mem 0x0000000000000000-0x000000003ffeffff]
[    0.000000] NODE_DATA(0) allocated [mem 0x3ffc5000-0x3ffeffff]
[    0.000000] kvm-clock: cpu 0, msr 0:3ff44001, primary cpu clock
[    0.000000] kvm-clock: Using msrs 4b564d01 and 4b564d00
[    0.000000] kvm-clock: using sched offset of 4368238550 cycles
[    0.000000] clocksource: kvm-clock: mask: 0xffffffffffffffff max_cycles: 0x1cd42e4dffb, max_idle_ns: 881590591483 ns
[    0.000000] Zone ranges:
[    0.000000]   DMA      [mem 0x000000000001000-0x0000000000ffffff]
[    0.000000]   DMA32    [mem 0x0000000001000000-0x000000003ffeffff]
[    0.000000]   Normal   empty
[    0.000000]   Device   empty
[    0.000000] Movable zone start for each node
[    0.000000] Early memory node ranges
[    0.000000]   node   0: [mem 0x0000000000001000-0x000000000009efff]
[    0.000000]   node   0: [mem 0x00000000001000-0x0000003feffff]
[   .00000] Reserved but unavailable: 114 pages
[    0.000000] Initmem setup node 0 [mem 0x0000000000001000-0x000000003ffeffff]
[    0.000000] ACPI: PM-Timer IO Port: 0x4008
[    0.000000] IOAPIC[0]: apic_id 2, version 32, address 0xfec00000, GSI 0-23
[    0.000000] ACPI: INT_SRC_OVR (bus 0 bus_irq 0 global_irq 2 dfl dfl)
[    0.000000] ACPI: INT_SRC_OVR (bus 0 bus_irq 9 global_irq 9 low level)
[    0.000000] Using ACPI (MADT) for SMP configuration information
[    0.000000] smpboot: Allowing 2 CPUs, 0 hotplug CPUs
[    0.000000] PM: Registered nosave memory: [mem 0x00000000-0x00000fff]
[    0.000000] PM: Registered nosave memory: [mem 0x0009f000-0x0009ffff]
[    0.000000] PM: Registered nosave memory: [mem 0x000a0000-0x000effff]
[    0.000000] PM: Registered nosave memory: [mem 0x000f0000-0x000fffff]
[    0.000000] e820: [mem 0x40000000-0xfebfffff]valaablfo PCI dics
[    0.000000] Booting paravirtualized kernel on KVM
[    0.000000] clocksoce: refined-jiffies: mask: 0xffffffff max_cycles: 0xffffffff, max_idle_ns: 7645519600211568 ns
[    0.000000] random: get_random_bytes called from start_kernel+0x99/0x4fd with crng_init=0
[    0.000000] setup_percpu: NR_CPUS:8192 nr_cpumask_bits:2 nr_cpu_ids:2 nr_node_ids:1
[    0.000000]percpu: Emddd 46 pge/cu @        (ptrval) s151552 r8192 d28672 u1048576
[    0.000000] PV qspinlck hshh tleentries: 256 (order: 0, 4096 bytes)
[    0.000000] Built 1zoelsts, mobilitygruping .  Ttal pages: 2793
[    0.000000] Poly zone: DMA2
[    0.0000] Krnelcomand line: BOOT_IMAGE=/boot/vmlinuz-4.15.0-47-generic root=LABEL=cloudimg-rootfs ro console=tty1 console=ttyS0
[    0.000000] Memory: 983608K/1048120K available (12300K kernel code, 2473K rwdata, 4252K rodata, 2408K init, 2416K bss, 64512K reserved, 0K cma-reserved)
[    0.000000] SLUB: HWalign=64, Order=0-3, MinObjects=0, CPUs=2, Nodes=1
[    0.000000] Kernel/User page tables isolation: enabled
[    0.000000] ftrace: allocating 39206 entries in 154 pags
[    0.004000] Hierarchical RCU implementation.
[    0.004000] 	RCU restricting CPUs from NR_CPUS=8192 to nr_cpu_ids=2.
[    0.004000] 	Tasks RCU enabled.
[    0.004000] RCU: Adjusting geometry for rcu_fanout_leaf=16, nr_cpu_ids=2
[    0.004000] NR_IRQS: 524544, nr_irqs: 440, preallocated irqs: 16
[    0.004000] Console: colour VGA+ 80x25
[    0.004000] console [tty1] enabled
[    0.004000] consol [tyS0] able
[    0.0000] CPI: Corerevision2070831    0.004000] ACPI: 2 ACPI AML tables ucessfully acquired and loaded
[    0.004000] APIC: Switch to symmetric I/O mode setup
[    0.004000] x2apic enabled
[    0.004000] Switched APIC routing to physical x2apic.
[    0.005094] ..TIMER: vector=0x30 apic1=0 pin1=2 apic2=-1 pin2=-1
[    0.008008] tsc: Detected 1607.999 MHz processor
[    0.012016] Calibrating delay loop (skipped) preset value.. 3215.99 BogoMIPS (lpj=6431996)
[    0.014470] pid_max: default: 32768 minimum: 301
[    0.016050] Security Framework initialized
[    0.020007] Yama: becoming mindful.
[    0.022039] AppArmor: AppArmor initialized
[    0.028069] Dentry cache hash table entries: 131072 (order: 8, 1048576 bytes)
[    0.031762] Inode-cache hash table entries: 65536 (order: 7, 524288 bytes)
[    0.032097] Mount-cache hash table entries: 2048 (order: 2, 16384 bytes)
[    0.036010] Mountpoint-cache hash table entries: 2048 (order: 2, 16384 bytes)
[    0.040482] mce: CPU supports 0 MCE banks
[    0.044022] Last level iTLB entries: 4KB 64, 2MB 8, 4MB 8
[    0.048004] Last level dTLB entries: 4KB 64, 2MB 0, 4MB 0, 1GB 4
[    0.052004] Spectre V2 : Mitigation: Full generic retpoline
[    0.054838] Spectre V2 : Spectre v2 / SpectreRSB mitigation: Filling RSB on context switch
[    0.056003] Speculative Store Bypass: Vulnerable
[    0.060133] Freeing SMP alternatives memory: 36K
[    0.068000] smpboot: CPU0: Intel(R) Core(TM) i5-8210Y CPU @ 1.60GHz (family: 0x6, model: 0x8e, stepping: 0x9)
[    0.068092] Performance Events: unsupported p6 CPU model 142 no PMU driver, software events only.
[    0.072056] Hierarchical SRCU implementation.
[    0.076862] NMI watchdog: Perf event create on CPU 0 failed with -2
[    0.080013] NMI watchdog: Perf NMI watchdog permanently disabled
[    0.084085] smp: Bringing up secondary CPUs ...
[    0.088092] x86: Booting SMP configuration:
[    0.092003] .... node  #0, CPUs:      #1
[    0.004000] kvm-clock: cpu 1, msr 0:3ff44041, secondary cpu clock
[    0.004000] mce: CPU supports 0 MCE banks
[    0.102240] smp: Brought up 1 node, 2 CPUs
[    0.102240] smpboot: Max logical packages: 1
[    0.104005] smpboot: Total of 2 processors activated (6431.99 BogoMIPS)
[    0.108121] devtmpfs: initialized
[    0.112051] x86/mm: Memory block size: 128MB
[    0.116129] evm: security.selinux
[    0.120003] evm: security.SMACK64
[    0.124003] evm: security.SMACK64EXEC
[    0.128003] evm: security.SMACK64TRANSMUTE
[    0.132003] evm: security.SMACK64MMAP
[    0.136003] evm: security.apparmor
[    0.137259] evm: security.ima
[    0.138361] evm: security.capability
[    0.140099] clocksource: jiffies: mask: 0xffffffff max_cycles: 0xffffffff, max_idle_ns: 7645041785100000 ns
[    0.144008] futex hash table entries: 512 (order: 3, 32768 bytes)
[    0.148073] pinctrl core: initialized pinctrl subsystem
[    0.152135] RTC time: 19:11:54, date: 04/11/19
[    0.160153] NET: Registered protocol family 16
[    0.164083] audit: initializing netlink subsys (disabled)
[    0.168042] audit: type=2000 audit(1555009916.972:1): state=initialized audit_enabled=0 res=1
[    0.300009] cpuidle: using governor ladder
[    0.304008] cpuidle: using governor menu
[    0.308049] ACPI: bus type PCI registered
[    0.312005] acpiphp: ACPI Hot Plug PCI Controller Driver version: 0.5
[    0.316144] PCI: Using configuration type 1 for base access
[    0.324590] HugeTLB registered 2.00 MiB page size, pre-allocated 0 pages
[    0.332084] ACPI: Added _OSI(Module Device)
[    0.336007] ACPI: Added _OSI(Processor Device)
[    0.340003] ACPI: Added _OSI(3.0 _SCP Extensions)
[    0.344003] ACPI: Added _OSI(Processor Aggregator Device)
[    0.348004] ACPI: Added _OSI(Linux-Dell-Video)
[    0.352004] ACPI: Added _OSI(Linux-Lenovo-NV-HDMI-Audio)
[    0.356004] ACPI: Added _OSI(Linux-HPI-Hybrid-Graphics)
[    0.364193] ACPI: Executed 1 blocks of module-level executable AML code
[    0.375396] ACPI: Interpreter enabled
[    0.376028] ACPI: (supports S0 S5)
[    0.377439] ACPI: Using IOAPIC for interrupt routing
[    0.380427] PCI: Using host bridge windows from ACPI; if necessary, use "pci=nocrs" and report a bug
[    0.384427] ACPI: Enabled 2 GPEs in block 00 to 07
[    0.400257] ACPI: PCI Root Bridge [PCI0] (domain 0000 [bus 00-ff])
[    0.402690] acpi PNP0A03:00: _OSC: OS supports [ASPM ClockPM Segments MSI]
[    0.404056] acpi PNP0A03:00: _OSC: not requesting OS control; OS requires [ExtendedConfig ASPM ClockPM MSI]
[    0.408023] acpi PNP0A03:00: fail to add MMCONFIG information, can't access extended PCI configuration space under this bridge.
[    0.413278] PCI host bridge to bus 0000:00
[    0.416007] pci_bus 0000:00: root bus resource [io  0x0000-0x0cf7 window]
[    0.420006] pci_bus 0000:00: root bus resource [io  0x0d00-0xffff window]
[    0.424006] pci_bus 0000:00: root bus resource [mem 0x000a0000-0x000bffff window]
[    0.428006] pci_bus 0000:00: root bus resource [mem 0x40000000-0xfdffffff window]
[    0.432006] pci_bus 0000:00: root bus resource [bus 00-ff]
[    0.445237] pci 0000:00:01.1: legacy IDE quirk: reg 0x10: [io  0x01f0-0x01f7]
[    0.448005] pci 0000:00:01.1: legacy IDE quirk: reg 0x14: [io  0x03f6]
[    0.452016] pci 0000:00:01.1: legacy IDE quirk: reg 0x18: [io  0x0170-0x0177]
[    0.456014] pci 0000:00:01.1: legacy IDE quirk: reg 0x1c: [io  0x0376]
[    0.481675] pci 0000:00:07.0: quirk: [io  0x4000-0x403f] claimed by PIIX4 ACPI
[    0.484027] pci 0000:00:07.0: quirk: [io  0x4100-0x410f] claimed by PIIX4 SMB
[    0.503866] ACPI: PCI Interrupt Link [LNKA] (IRQs 5 9 10 *11)
[    0.504396] ACPI: PCI Interrupt Link [LNKB] (IRQs 5 9 *10 11)
[    0.508164] ACPI: PCI Interrupt Link [LNKC] (IRQs 5 *9 10 11)
[    0.512220] ACPI: PCI Interrupt Link [LNKD] (IRQs 5 9 10 *11)
[    0.520097] SCSI subsystem initialized
[    0.524059] pci 0000:00:02.0: vgaarb: setting as boot VGA device
[    0.528000] pci 0000:00:02.0: vgaarb: VGA device added: decodes=io+mem,owns=io+mem,locks=none
[    0.528006] pci 0000:00:02.0: vgaarb: bridge control possible
[    0.532003] vgaarb: loaded
[    0.536043] ACPI: bus type USB registered
[    0.540026] usbcore: registered new interface driver usbfs
[    0.544015] usbcore: registered new interface driver hub
[    0.548028] usbcore: registered new device driver usb
[    0.552067] EDAC MC: Ver: 3.0.0
[    0.556416] PCI: Using ACPI for IRQ routing
[    0.560839] NetLabel: Initializing
[    0.564003] NetLabel:  domain hash size = 128
[    0.568003] NetLabel:  protocols = UNLABELED CIPSOv4 CALIPSO
[    0.572038] NetLabel:  unlabeled traffic allowed by default
[    0.576099] clocksource: Switched to clocksource kvm-clock
[    0.615600] VFS: Disk quotas dquot_6.6.0
[    0.618892] VFS: Dquot-cache hash table entries: 512 (order 0, 4096 bytes)
[    0.621533] AppArm: AppArmor Filesystem Enabled
[    0.674257] pnp: PnP ACPI init
[  06739] np PP CP: oud  dvies
[    1.01808] clocksource: acpi_pm: mask: 0xffffff maxycles: 0xffff, max_idle_ns: 2085701024 ns
[    1.138525] NET: Registered protocol family 2

[    1.142674] TCP established hash table entries: 8192 (order: 4, 65536 bytes)
[    1.145271] TCP bind hash table entries: 8192 (order: 5, 131072 bytes)
[    1.148127] TCP: Hash tables configured (established 8192 bind 8192)
[    1.150659] UDP hash table entries: 512 (order: 2, 16384 bytes)
[    1.153476] DP-Lite hash tableenris: 512 (order: 2, 16384 bytes)
[    1.283207] NET: Registered protocol family 1
[    1.284820] pci 0000:00:00.0: Limiting direct PCI/PCI transfers
[    1.2869] pci 0000:00:01.0: Activating ISA DMA hang workarounds
[    1.335621] pci 0000:00:02.0: Video device with shadowed ROM at [mem 0x000c0000-0x000dffff]
[  133830] Unpacking initramfs...

[    1.673791] Freeing initrd memory: 18976K
[    1.679054] platform rtc_cmos: registered platform RTC device (no PNP device found)
[    1.725816] Scanning for low memory corruption every 60 seconds
[    1.781770] Initialise system trusted keyrings
[    1.824705] Key type blacklist registered
[    1.856554] workingset: timestamp_bits=36 max_order=18 bucket_order=0
[    1.900306] zbud: loaded
[    1.901841] squashfs: version 4.0 (2009/01/31) Phillip Lougher
[    1.910968] fuse init (API version 7.26)
[    1.932786] Key type asymmetric registered
[    1.933960] Asymmetric key parser 'x509' registered
[    1.935353] Block layer SCSI generic (bsg) driver version 0.4 loaded (major 246)
[    1.937665] io scheduler noop registered
[    1.946188] io scheduler deadline registered
[    1.983299] io scheduler cfq registered (default)
[    1.986829] ACPI: AC Adapter [AC] (off-line)
[    1.994099] input: Power Button as /devices/LNXSYSTM:00/LNXPWRBN:00/input/input0
[    2.006914] ACPI: Power Button [PWRF]
[    2.026431] input: Sleep Button as /devices/LNXSYSTM:00/LNXSLPBN:00/input/input1
[    2.044342] ACPI: Sleep Button [SLPF]
[    2.047606] ACPI: Battery Slot [BAT0] (battery present)
[    2.055289] Serial: 8250/16550 driver, 32 ports, IRQ sri eabled

[    2.1245] 00:02: ttyS0 at I/O 0x3f8 (irq = 4, base_baud = 115200) is a 16550A

[    2.249356] Linux agpgart interface v0.103
[    2.253761] loop: module loaded
[    2.256257] scsi host0: ata_piix
[    2.257980] scsi host1: ata_piix
[    2.259307] ata1: PATA max UDMA/33 cmd 0x1f0 ctl 0x3f6 bmdma 0xd000 irq 14
[    2.261824] ata2: PATA max UDMA/33 cmd 0x170 ctl 0x376 bmdma 0xd008 irq 15
[    2.264251] libphy: Fixed MDIO Bus: probed
[    2.265619] tun: Universal TUN/TAP device driver, 1.6
[    2.267696] PPP generic driver version 2.4.2
[    2.273159] ehci_hcd: USB 2.0 'Enhanced' Host Controller (EHCI) Driver
[    2.277701] ehci-pci: EHCI PCI platform driver
[    2.285074] ehci-platform: EHCI generic platform driver
[    2.287860] ohci_hcd: USB 1.1 'Open' Host Controller (OHCI) Driver
[    2.291691] ohci-pci: OHCI PCI platform driver
[    2.294070] ohci-platform: OHCI generic platform driver
[    2.297148] uhci_hcd: USB Universal Host Controller Interface driver
[    2.301365] i8042: PNP: PS/2 Controller [PNP0303:PS2K,PNP0f03:PS2M] at 0x60,0x64 irq 1,12
[    2.307698] serio: i8042 KBD port at 0x60,0x64 irq 1
[    2.311080] serio: i8042 AUX port at 0x60,0x64 irq 12
[    2.314419] mousedev: PS/2 mouse device common for all mice
[    2.319682] rtc_cmos rtc_cmos: rtc core: registered rtc_cmos as rtc0
[    2.323780] input: AT Translated Set 2 keyboard as /devices/platform/i8042/serio0/input/input2
[    2.324235] rtc_cmos rtc_cmos: alarms up to one day, 114 bytes nvram
[    2.324248] i2c /dev entries driver
[    2.324257] pcie_mp2_amd: AMD(R) PCI-E MP2 Communication Driver Version: 1.0
[    2.324561] device-mapper: uevent: version 1.0.3
[    2.324669] device-mapper: ioctl: 4.37.0-ioctl (2017-09-20) initialised: dm-devel@redhat.com
[    2.362758] ledtrig-cpu: registered to indicate activity on CPUs
[    2.365037] NET: Registered protocol family 10
[    2.370737] Segment Routing with IPv6
[    2.398654] NET: Registered protocol family 17
[    2.425576] Key type dns_resolver registered
[    2.448660] RAS: Correctable Errors collector initialized.
[    2.518557] sched_clock: Marking stable (2518514969, 0)->(7138770600, -4620255631)
[    2.610158] registered taskstats version 1
[    2.611732] Loading compiled-in X.509 certificates
[    2.615968] Loaded X.509 cert 'Build time autogenerated kernel key: 7211859d1298c08a101905a3cb814e8c7b4bf4a4'
[    2.625529] zswap: loaded using pool lzo/zbud
[    2.661879] Key type big_key registered
[    2.689417] Key type trusted registered
[    2.692317] tsc: Refined TSC clocksource calibration: 1609.375 MHz
[    2.692323] clocksource: tsc: mask: 0xffffffffffffffff max_cycles: 0x1732bd2ddd8, max_idle_ns: 440795251776 ns
[    2.851260] Key type encrypted registered
[    2.861194] AppArmor: AppArmor sha1 policy hashing enabled
[    2.884322] ima: No TPM chip found, activating TPM-bypass! (rc=-19)
[    2.886540] ima: Allocated hash algorithm: sha1
[    2.968155] evm: HMAC attrs: 0x1
[    3.014839]   Magic number: 15:445:192
[    3.090183] rtc_cmos rtc_cmos: setting system clock to 2019-04-11 19:11:58 UTC (1555009918)
[    3.158987] BIOS EDD facility v0.16 2004-Jun-25, 0 devices found
[    3.258080] EDD information not available.
[    3.322548] Freeing unused kernel memory: 2408K
[    3.384213] Write protecting the kernel read-only data: 20480k
[    3.387861] Freeing unused kernel memory: 2008K
[    3.393927] Freeing unused kernel memory: 1892K
[    3.409214] x86/mm: Checked W+X mappings: passed, no W+X pages found.
[    3.413135] x86/mm: Checking user space page tables
[    3.429671] x86/mm: Checked W+X mappings: passed, no W+X pages found.
Loading, please wait...
starting version 237
[    3.518534] Fusion MPT base driver 3.04.20
[    3.520147] Copyright (c) 1999-2008 LSI Corporation
[    3.531849] e1000: Intel(R) PRO/1000 Network Driver - version 7.3.21-k8-NAPI
[    3.533982] e1000: Copyright (c) 1999-2006 Intel Corporation.
[    3.544440] AVX2 version of gcm_enc/dec engaged.
[    3.546176] AES CTR mode by8 optimization enabled
[    3.547821] Fusion MPT SPI Host driver 3.04.20
[    3.740860] input: ImExPS/2 Generic Explorer Mouse as /devices/platform/i8042/serio1/input/input4
[    3.961227] e1000 0000:00:03.0 eth0: (PCI:33MHz:32-bit) 02:1e:30:9c:a3:c0
[    3.963899] e1000 0000:00:03.0 eth0: Intel(R) PRO/1000 Network Connection
[    4.379904] e1000 0000:00:08.0 eth1: (PCI:33MHz:32-bit) 08:00:27:94:1e:ba
[    4.470316] e1000 0000:00:08.0 eth1: Intel(R) PRO/1000 Network Connection
[    4.481487] e1000 0000:00:08.0 enp0s8: renamed from eth1
[    4.481806] mptbase: ioc0: Initiating bringup
[    4.505110] e1000 0000:00:03.0 enp0s3: renamed from eth0
[    4.588932] ioc0: LSI53C1030 A0: Capabilities={Initiator}
[    6.422226] scsi host2: ioc0: LSI53C1030 A0, FwRev=00000000h, Ports=1, MaxQ=256, IRQ=20
[    6.965385] scsi 2:0:0:0: Direct-Access     VBOX     HARDDISK         1.0  PQ: 0 ANSI: 5
[    7.048357] scsi target2:0:0: Beginning Domain Validation
[    7.102683] scsi target2:0:0: Domain Validation skipping write tests
[    7.104432] scsi target2:0:0: Ending Domain Validation
[    7.105957] scsi target2:0:0: asynchronous
[    7.107832] scsi 2:0:1:0: Direct-Access     VBOX     HARDDISK         1.0  PQ: 0 ANSI: 5
[    7.140264] scsi target2:0:1: Beginning Domain Validation
[    7.161470] random: fast init done
[    7.442826] scsi target2:0:1: Domain Validation skipping write tests
[    7.444598] scsi target2:0:1: Ending Domain Validation
[    7.446136] scsi target2:0:1: asynchronous
[    7.495804] random: systemd-udevd: uninitialized urandom read (16 bytes read)
[    7.497817] random: systemd-udevd: uninitialized urandom read (16 bytes read)
[    7.499768] random: systemd-udevd: uninitialized urandom read (16 bytes read)
[    7.502058] sd 2:0:0:0: Attached scsi generic sg0 type 0
[    7.502151] sd 2:0:0:0: [sda] 20971520 512-byte logical blocks: (10.7 GB/10.0 GiB)
[    7.502266] sd 2:0:0:0: [sda] Write Protect is off
[    7.502518] sd 2:0:0:0: [sda] Incomplete mode parameter data
[    7.502520] sd 2:0:0:0: [sda] Assuming drive cache: write through
[    7.504558]  sda: sda1
[    7.505559] sd 2:0:0:0: [sda] Attached SCSI disk
[    7.851991] sd 2:0:1:0: [sdb] 20480 512-byte logical blocks: (10.5 MB/10.0 MiB)
[    7.855706] sd 2:0:1:0: Attached scsi generic sg1 type 0
[    7.855861] sd 2:0:1:0: [sdb] Write Protect is off
[    7.856127] sd 2:0:1:0: [sdb] Incomplete mode parameter data
[    7.856129] sd 2:0:1:0: [sdb] Assuming drive cache: write through
[    7.860859] sd 2:0:1:0: [sdb] Attached SCSI disk
Begin: Loading essential drivers ... [    9.372220] raid6: sse2x1   gen() 12043 MB/s
[    9.428237] raid6: sse2x1   xor()  8813 MB/s
[    9.500244] raid6: sse2x2   gen() 14751 MB/s
[    9.552117] raid6: sse2x2   xor()  9806 MB/s
[    9.636279] raid6: sse2x4   gen() 17057 MB/s
[    9.728243] raid6: sse2x4   xor()  9048 MB/s
[    9.788374] raid6: avx2x1   gen() 21423 MB/s
[    9.852240] raid6: avx2x1   xor() 16948 MB/s
[    9.948306] raid6: avx2x2   gen() 30140 MB/s
[   10.020315] raid6: avx2x2   xor() 17617 MB/s
[   10.092223] raid6: avx2x4   gen() 33346 MB/s
[   10.140101] raid6: avx2x4   xor() 11439 MB/s
[   10.142766] raid6: using algorithm avx2x4 gen() 33346 MB/s
[   10.150205] raid6: .... xor() 11439 MB/s, rmw enabled
[   10.153202] raid6: using avx2x2 recovery algorithm
[   10.161788] xor: automatically using best checksumming function   avx       
[   10.170685] async_tx: api initialized (async)
done.
Begin: Running /scripts/init-premount ... done.
Begin: Mounting root file system ... Begin: Running /scripts/local-top ... done.
Begin: Running[   10.237666] Btrfs loaded, crc32c=crc32c-intel
 /scripts/local-premount ... Scanning for Btrfs filesystems
done.
Warning: fsck no[   10.279863] EXT4-fs (sda1): mounted filesystem with ordered data mode. Opts: (null)
t present, so skipping root file system
done.
Begin: Running /scripts/local-bottom ... done.
Begin: Running /scripts/init-bottom ... done.
[   10.545932] ip_tables: (C) 2000-2006 Netfilter Core Team
[   10.559908] systemd[1]: systemd 237 running in system mode. (+PAM +AUDIT +SELINUX +IMA +APPARMOR +SMACK +SYSVINIT +UTMP +LIBCRYPTSETUP +GCRYPT +GNUTLS +ACL +XZ +LZ4 +SECCOMP +BLKID +ELFUTILS +KMOD -IDN2 +IDN -PCRE2 default-hierarchy=hybrid)
[   10.832701] systemd[1]: Detected virtualization oracle.
[   10.834260] systemd[1]: Detected architecture x86-64.

Welcome to [1mUbuntu 18.04.2 LTS[0m!

[   10.875103] systemd[1]: Set hostname to <ubuntu-bionic>.
[   11.339225] systemd[1]: Set up automount Arbitrary Executable File Formats File System Automount Point.
[[0;32m  OK  [0m] Set up automount Arbitrary Executab…rmats File System Automount Point.
[   11.488944] systemd[1]: Started Forward Password Requests to Wall Directory Watch.
[[0;32m  OK  [0m] Started Forward Password Requests to Wall Directory Watch.
[   11.512759] systemd[1]: Created slice User and Session Slice.
[[0;32m  OK  [0m] Created slice User and Session Slice.
[   11.561288] systemd[1]: Reached target User and Group Name Lookups.
[[0;32m  OK  [0m] Reached target User and Group Name Lookups.
[   11.701782] systemd[1]: Reached target Swap.
[[0;32m  OK  [0m] Reached target Swap.
[   11.705036] systemd[1]: Created slice System Slice.
[[0;32m  OK  [0m] Created slice System Slice.
[[0;32m  OK  [0m] Listening on Syslog Socket.
[[0;32m  OK  [0m] Listening on LVM2 metadata daemon socket.
[[0;32m  OK  [0m] Listening on Journal Socket.
         Starting Set the console keyboard layout...
         Mounting Huge Pages File System...
         Starting Remount Root and Kernel File Systems...
[[0;32m  OK  [0m] Reached target Slices.
[[0;32m  OK  [0m] Listening on Journal Audit Socket.
         [   11.913691] EXT4-fs (sda1): re-mounted. Opts: (null)
Mounting POSIX Message Queue File System...
[[0;32m  OK  [0m] Listening on LVM2 poll daemon socket.
         Starting Create list of required st…ce nodes for the current kernel...
[[0;32m  OK  [0m] Created slice system-serial\x2dgetty.slice.
[[0;32m  OK  [0m] Listening on Device-mapper event daemon FIFOs.
         Starting Monitoring of LVM2 mirrors…ng dmeventd or progress polling...
[[0;32m  OK  [0m] Listening on Journal Socket (/dev/log).
[[0;32m  OK  [0m] Reached target System Time Synchronized.
[[0;32m  OK  [0m] Listening on udev Control Socket.
         Starting Uncomplicated firewall...
[[0;32m  OK  [0m] Listening on udev Kernel Socket.
         Starting udev Coldplug all Devices...
         Starting Load Kernel Modules...
[   12.043523] Loading iSCSI transport class v2.0-870.
[[0;32m  OK  [0[   12.061503] iscsi: registered transport (tcp)
m] Listening on /dev/initctl Compatibility Named[   12.177610] iscsi: registered transport (iser)
 Pipe.
[[0;32m  OK  [0m] Listening on Network Service Netlink Socket.
         Starting Journal Service...
         Mounting Kernel Debug File System...
[[0;32m  OK  [0m] Started Journal Service.
[[0;32m  OK  [0m] Started Set the console keyboard layout.
[[0;32m  OK  [0m] Mounted Huge Pages File System.
[[0;32m  OK  [0m] Started Remount Root and Kernel File Systems.
[[0;32m  OK  [0m] Mounted POSIX Message Queue File System.
[[0;32m  OK  [0m] Started Create list of required sta…vice nodes for the current kernel.
[[0;32m  OK  [0m] Started Uncomplicated firewall.
[[0;32m  OK  [0m] Started Load Kernel Modules.
[[0;32m  OK  [0m] Mounted Kernel Debug File System.
[[0;32m  OK  [0m] Started LVM2 metadata daemon.
         Starting Apply Kernel Variables...
         Mounting FUSE Control File System...
         Mounting Kernel Configuration File System...
         Starting Create Static Device Nodes in /dev...
         Starting Initial cloud-init job (pre-networking)...
         Starting Load/Save Random Seed...
[   12.494098] random: crng init done
[   12.495463] random: 7 urandom warning(s) missed due to ratelimiting
         Starting Flush Journal to Persistent Storage...
[[0;32m  OK  [0m] Started Monitoring of LVM2 mirrors,…sing dmeventd or progress polling.
[[0;32m  OK  [0m] Started udev Coldplug all Devices.
[[0;32m  OK  [0m] Mounted FUSE Control File System.
[[0;32m  OK  [0m] Mounted Kernel Configuration File System.
[[0;32m  OK  [0m] Started Create Static Device Nodes in /dev.
[[0;32m  OK  [0m] Started Load/Save Random Seed.
         Starting udev Kernel Device Manager...
[[0;32m  OK  [0m] Reached target Local File Systems (Pre).
[[0;32m  OK  [0m] Reached target Local File Systems.
         Starting AppArmor initialization...
         Starting Set console font and keymap...
         Starting ebtables ruleset management...
         Starting Tell Plymouth To Write Out Runtime Data...
[[0;32m  OK  [0m] Started Apply Kernel Variables.
[[0;32m  OK  [0m] Started udev Kernel Device Manager.
[[0;32m  OK  [0m] Started Dispatch Password Requests to Console Directory Watch.
[[0;32m  OK  [0m] Reached target Local Encrypted Volumes.
[[0;32m  OK  [0m] Started Set console font and keymap.
[[0;32m  OK  [0m] Started Tell Plymouth To Write Out Runtime Data.
[[0;32m  OK  [0m] Started ebtables ruleset management.
[[0;32m  OK  [0m] Found device /dev/ttyS0.
[[0;32m  OK  [0m] Started Flush Journal to Persistent Storage.
         Starting Create Volatile Files and Directories...
[[0;32m  OK  [0m] Started Create Volatile Files and Directories.
         Starting Update UTMP about System Boot/Shutdown...
[[0;32m  OK  [0m] Listening on Load/Save RF Kill Switch Status /dev/rfkill Watch.
[[0;32m  OK  [0m] Started Update UTMP about System Boot/Shutdown.
[[0;32m  OK  [0m] Started AppArmor initialization.
[   14.632995] cloud-init[420]: Cloud-init v. 18.5-45-g3554ffe8-0ubuntu1~18.04.1 running 'init-local' at Thu, 11 Apr 2019 19:12:09 +0000. Up 14.38 seconds.
[[0;32m  OK  [0m] Started Initial cloud-init job (pre-networking).
[[0;32m  OK  [0m] Reached target Network (Pre).
         Starting Network Service...
[[0;32m  OK  [0m] Started Network Service.
         Starting Network Name Resolution...
         Starting Wait for Network to be Configured...
[[0;32m  OK  [0m] Started Network Name Resolution.
[[0;32m  OK  [0m] Reached target Network.
[[0;32m  OK  [0m] Reached target Host and Network Name Lookups.
[[0;32m  OK  [0m] Started Wait for Network to be Configured.
         Starting Initial cloud-init job (metadata service crawler)...
[   16.817044] cloud-init[655]: Cloud-init v. 18.5-45-g3554ffe8-0ubuntu1~18.04.1 running 'init' at Thu, 11 Apr 2019 19:12:12 +0000. Up 16.67 seconds.
[   16.820561] cloud-init[655]: ci-info: ++++++++++++++++++++++++++++++++++++++Net device info+++++++++++++++++++++++++++++++++++++++
[   16.831554] cloud-init[655]: ci-info: +--------+------+-----------------------------+---------------+--------+-------------------+
[   16.842922] cloud-init[655]: ci-info: | Device |  Up  |           Address           |      Mask     | Scope  |     Hw-Address    |
[   16.846454] cloud-init[655]: ci-info: +--------+------+-----------------------------+---------------+--------+-------------------+
[   16.849836] cloud-init[655]: ci-info: | enp0s3 | True |          10.0.2.15          | 255.255.255.0 | global | 02:1e:30:9c:a3:c0 |
[   16.858297] cloud-init[655]: ci-info: | enp0s3 | True |  fe80::1e:30ff:fe9c:a3c0/64 |       .       |  link  | 02:1e:30:9c:a3:c0 |
[   16.862909] cloud-init[655]: ci-info: | enp0s8 | True |        192.168.33.10        | 255.255.255.0 | global | 08:00:27:94:1e:ba |
[   16.872490] cloud-init[655]: ci-info: | enp0s8 | True | fe80::a00:27ff:fe94:1eba/64 |       .       |  link  | 08:00:27:94:1e:ba |
[   16.877731] cloud-init[655]: ci-info: |   lo   | True |          127.0.0.1          |   255.0.0.0   |  host  |         .         |
[   16.886466] cloud-init[655]: ci-info: |   lo   | True |           ::1/128           |       .       |  host  |         .         |
[   16.892213] cloud-init[655]: ci-info: +--------+------+-----------------------------+---------------+--------+-------------------+
[   16.905134] cloud-init[655]: ci-info: +++++++++++++++++++++++++++++Route IPv4 info+++++++++++++++++++++++++++++
[   16.915315] cloud-init[655]: ci-info: +-------+--------------+----------+-----------------+-----------+-------+
[   16.928106] cloud-init[655]: ci-info: | Route | Destination  | Gateway  |     Genmask     | Interface | Flags |
[   16.949062] cloud-init[655]: ci-info: +-------+--------------+----------+-----------------+-----------+-------+
[   16.968783] cloud-init[655]: ci-info: |   0   |   0.0.0.0    | 10.0.2.2 |     0.0.0.0     |   enp0s3  |   UG  |
[   16.998848] cloud-init[655]: ci-info: |   1   |   10.0.2.0   | 0.0.0.0  |  255.255.255.0  |   enp0s3  |   U   |
[   17.017058] cloud-init[655]: ci-info: |   2   |   10.0.2.2   | 0.0.0.0  | 255.255.255.255 |   enp0s3  |   UH  |
[   17.046050] cloud-init[655]: ci-info: |   3   | 192.168.33.0 | 0.0.0.0  |  255.255.255.0  |   enp0s8  |   U   |
[   17.084304] cloud-init[655]: ci-info: +-------+--------------+----------+-----------------+-----------+-------+
[[0;32m  OK  [0m] Started Initial cloud-init job (metadata service crawler).
[[0;32m  OK  [0m[   17.167766] cloud-init[655]: ci-info: +++++++++++++++++++Route IPv6 info+++++++++++++++++++
[   17.192530] cloud-init[655]: ci-info: +-------+-------------+---------+-----------+-------+
[   17.192585] cloud-init[655]: ci-info: | Route | Destination | Gateway | Interface | Flags |
[   17.192629] cloud-init[655]: ci-info: +-------+-------------+---------+-----------+-------+
[   17.192670] cloud-init[655]: ci-info: |   1   |  fe80::/64  |    ::   |   enp0s8  |   U   |
[   17.192711] cloud-init[655]: ci-info: |   2   |  fe80::/64  |    ::   |   enp0s3  |   U   |
[   17.192758] cloud-init[655]: ci-info: |   4   |    local    |    ::   |   enp0s3  |   U   |
[   17.192811] cloud-init[655]: ci-info: |   5   |    local    |    ::   |   enp0s8  |   U   |
[   17.192853] cloud-init[655]: ci-info: |   6   |   ff00::/8  |    ::   |   enp0s8  |   U   |
[   17.192894] cloud-init[655]: ci-info: |   7   |   ff00::/8  |    ::   |   enp0s3  |   U   |
[   17.192934] cloud-init[655]: ci-info: +-------+-------------+---------+-----------+-------+
] Reached target Network is Online.
         Starting Availability of block devices...
[[0;32m  OK  [0m] Reached target Remote File Systems (Pre).
[[0;32m  OK  [0m] Reached target Remote File Systems.
[[0;32m  OK  [0m] Reached target System Initialization.
[[0;32m  OK  [0m] Started Message of the Day.
[[0;32m  OK  [0m] Started Discard unused blocks once a week.
[[0;32m  OK  [0m] Started Daily apt download activities.
[[0;32m  OK  [0m] Started ACPI Events Check.
[[0;32m  OK  [0m] Listening on D-Bus System Message Bus Socket.
[[0;32m  OK  [0m] Started Daily apt upgrade and clean activities.
[[0;32m  OK  [0m] Listening on UUID daemon activation socket.
[[0;32m  OK  [0m] Reached target Paths.
[[0;32m  OK  [0m] Listening on Open-iSCSI iscsid Socket.
[[0;32m  OK  [0m] Started Daily Cleanup of Temporary Directories.
[[0;32m  OK  [0m] Reached target Timers.
[[0;32m  OK  [0m] Listening on ACPID Listen Socket.
         Starting LXD - unix socket.
         Starting Socket activation for snappy daemon.
[[0;32m  OK  [0m] Reached target Cloud-config availability.
[[0;32m  OK  [0m] Started Availability of block devices.
[[0;32m  OK  [0m] Listening on LXD - unix socket.
[[0;32m  OK  [0m] Listening on Socket activation for snappy daemon.
[[0;32m  OK  [0m] Reached target Sockets.
[[0;32m  OK  [0m] Reached target Basic System.
         Starting Virtualbox guest utils...
         Starting Permit User Sessions...
[[0;32m  OK  [0m] Started Regular background program processing daemon.
[[0;32m  OK  [0m] Started irqbalance daemon.
         Starting LSB: Record successful boot for GRUB...
         Starting Dispatcher daemon for systemd-networkd...
         Starting Login Service...
         Starting System Logging Service...
[[0;32m  OK  [0m] Started Deferred execution scheduler.
[[0;32m  OK  [0m] Started FUSE filesystem for LXC.
         Starting OpenBSD Secure Shell server...
         Starting Accounts Service...
         Starting Snappy daemon...
         Starting LSB: automatic crash report generation...
[[0;32m  OK  [0m] Started D-Bus System Message Bus.
[[0;32m  OK  [0m] Started Login Service.
[[0;32m  OK  [0m] Started Unattended Upgrades Shutdown.
         Starting LXD - container startup/shutdown...
[[0;32m  OK  [0m] Started System Logging Service.
[[0;32m  OK  [0m] Started Permit User Sessions.
         Starting Terminate Plymouth Boot Screen...
         Starting Hold until boot process finishes up...
[[0;32m  OK  [0m] Started Terminate Plymouth Boot Screen.
[[0;32m  OK  [0m] Started Hold until boot process finishes up.
         Starting Authorization Manager...
         Starting Set console scheme...
[[0;32m  OK  [0m] Started Serial Getty on ttyS0.
[[0;32m  OK  [0m] Started OpenBSD Secure Shell server.
[[0;32m  OK  [0m] Started Set console scheme.
[[0;32m  OK  [0m] Created slice system-getty.slice.
[[0;32m  OK  [0m] Started Getty on tty1.
[[0;32m  OK  [0m] Reached target Login Prompts.
[[0;32m  OK  [0m] Started LSB: Record successful boot for GRUB.
[[0;32m  OK  [0m] Started Authorization Manager.
[[0;32m  OK  [0m] Started Accounts Service.
[[0;32m  OK  [0m] Started Virtualbox guest utils.
[[0;32m  OK  [0m] Started LSB: automatic crash report generation.
[[0;32m  OK  [0m] Started Snappy daemon.
         Starting Wait until snapd is fully seeded...
[[0;32m  OK  [0m] Started LXD - container startup/shutdown.
[[0;32m  OK  [0m] Started Dispatcher daemon for systemd-networkd.
[[0;32m  OK  [0m] Started Wait until snapd is fully seeded.
[[0;32m  OK  [0m] Reached target Multi-User System.
[[0;32m  OK  [0m] Reached target Graphical Interface.
         Starting Update UTMP about System Runlevel Changes...
         Starting Apply the settings specified in cloud-config...
[[0;32m  OK  [0m] Started Update UTMP about System Runlevel Changes.
[   19.883614] cloud-init[1047]: Cloud-init v. 18.5-45-g3554ffe8-0ubuntu1~18.04.1 running 'modules:config' at Thu, 11 Apr 2019 19:12:15 +0000. Up 19.71 seconds.
[[0;32m  OK  [0m] Started Apply the settings specified in cloud-config.
         Starting Execute cloud user/final scripts...
[   20.641369] cloud-init[1093]: Cloud-init v. 18.5-45-g3554ffe8-0ubuntu1~18.04.1 running 'modules:final' at Thu, 11 Apr 2019 19:12:15 +0000. Up 20.50 seconds.
[   20.649278] cloud-init[1093]: Cloud-init v. 18.5-45-g3554ffe8-0ubuntu1~18.04.1 finished at Thu, 11 Apr 2019 19:12:16 +0000. Datasource DataSourceNoCloud [seed=/dev/sdb][dsmode=net].  Up 20.63 seconds
[[0;32m  OK  [0m] Started Execute cloud user/final scripts.
[[0;32m  OK  [0m] Reached target Cloud-init target.

Ubuntu 18.04.2 LTS ubuntu-bionic ttyS0

ubuntu-bionic login: 